                                     | Core 0     | Core 1     | Core 2     | Core 3     | Core 4     | Core 5     | Core 6     | Core 7     | Core 8     | Core 9     | Core 10    | Core 11    | Core 12    | Core 13    | Core 14    | Core 15   
  Instructions                       |    3921792 |    3775819 |    4046546 |    3997211 |    4190374 |    3982291 |    3766598 |    3945167 |    3608129 |    4044818 |    3961586 |    4185190 |    3889775 |    4197324 |    3997682 |    4344201
  Cycles                             |    2121510 |    2074262 |    2103565 |    2089798 |    2074791 |    2103966 |    2075053 |    2075784 |    2078923 |    2076344 |    2092526 |    2081605 |    2100646 |    2087166 |    2095309 |    2097878
  IPC                                |       1.85 |       1.82 |       1.92 |       1.91 |       2.02 |       1.89 |       1.82 |       1.90 |       1.74 |       1.95 |       1.89 |       2.01 |       1.85 |       2.01 |       1.91 |       2.07
  Time (ns)                          |     797560 |     779798 |     790814 |     785639 |     779997 |     790965 |     780095 |     780370 |     781550 |     780581 |     786664 |     782559 |     789717 |     784649 |     787710 |     788676
Branch predictor stats               |            |            |            |            |            |            |            |            |            |            |            |            |            |            |            |           
  num correct                        |     629532 |     451917 |     990524 |     886927 |    1138727 |     821232 |     619320 |     718425 |     447082 |     928689 |     829675 |    1033778 |     728339 |    1120233 |     779466 |    1168073
  num incorrect                      |       5313 |       7459 |       4517 |       4276 |       3223 |       4292 |       6256 |       4231 |       7082 |       3060 |       3922 |       3492 |       5968 |       3668 |       3769 |       3302
  misprediction rate                 |      0.84% |      1.62% |      0.45% |      0.48% |      0.28% |      0.52% |      1.00% |      0.59% |      1.56% |      0.33% |      0.47% |      0.34% |      0.81% |      0.33% |      0.48% |      0.28%
  mpki                               |       1.35 |       1.98 |       1.12 |       1.07 |       0.77 |       1.08 |       1.66 |       1.07 |       1.96 |       0.76 |       0.99 |       0.83 |       1.53 |       0.87 |       0.94 |       0.76
TLB Summary                          |            |            |            |            |            |            |            |            |            |            |            |            |            |            |            |           
  I-TLB                              |            |            |            |            |            |            |            |            |            |            |            |            |            |            |            |           
    num accesses                     |     206462 |     261960 |     110340 |     135735 |      78999 |     155763 |     200904 |     178039 |     233868 |     123908 |     148462 |     108067 |     180844 |      82539 |     166624 |      82822
    num misses                       |         14 |         53 |         44 |         44 |         51 |         45 |         51 |         50 |         45 |         44 |         44 |         44 |         45 |         51 |         44 |         44
    miss rate                        |      0.01% |      0.02% |      0.04% |      0.03% |      0.06% |      0.03% |      0.03% |      0.03% |      0.02% |      0.04% |      0.03% |      0.04% |      0.02% |      0.06% |      0.03% |      0.05%
    mpki                             |       0.00 |       0.01 |       0.01 |       0.01 |       0.01 |       0.01 |       0.01 |       0.01 |       0.01 |       0.01 |       0.01 |       0.01 |       0.01 |       0.01 |       0.01 |       0.01
  D-TLB                              |            |            |            |            |            |            |            |            |            |            |            |            |            |            |            |           
    num accesses                     |    1454716 |    1498291 |    1441910 |    1428785 |    1477684 |    1427183 |    1480815 |    1458066 |    1462462 |    1482339 |    1447577 |    1480894 |    1494178 |    1492088 |    1446284 |    1541444
    num misses                       |        693 |        734 |        475 |        511 |        348 |        488 |        557 |        601 |        537 |        422 |        460 |        367 |        677 |        389 |        482 |        361
    miss rate                        |      0.05% |      0.05% |      0.03% |      0.04% |      0.02% |      0.03% |      0.04% |      0.04% |      0.04% |      0.03% |      0.03% |      0.02% |      0.05% |      0.03% |      0.03% |      0.02%
    mpki                             |       0.18 |       0.19 |       0.12 |       0.13 |       0.08 |       0.12 |       0.15 |       0.15 |       0.15 |       0.10 |       0.12 |       0.09 |       0.17 |       0.09 |       0.12 |       0.08
  L2 TLB                             |            |            |            |            |            |            |            |            |            |            |            |            |            |            |            |           
    num accesses                     |        707 |        787 |        519 |        555 |        399 |        533 |        608 |        651 |        582 |        466 |        504 |        411 |        722 |        440 |        526 |        405
    num misses                       |        274 |        371 |        283 |        291 |        271 |        292 |        308 |        335 |        280 |        263 |        276 |        242 |        271 |        258 |        280 |        233
    miss rate                        |     38.76% |     47.14% |     54.53% |     52.43% |     67.92% |     54.78% |     50.66% |     51.46% |     48.11% |     56.44% |     54.76% |     58.88% |     37.53% |     58.64% |     53.23% |     57.53%
    mpki                             |       0.07 |       0.10 |       0.07 |       0.07 |       0.06 |       0.07 |       0.08 |       0.08 |       0.08 |       0.07 |       0.07 |       0.06 |       0.07 |       0.06 |       0.07 |       0.05
Cache Summary                        |            |            |            |            |            |            |            |            |            |            |            |            |            |            |            |           
  Cache L1-I                         |            |            |            |            |            |            |            |            |            |            |            |            |            |            |            |           
    num cache accesses               |     206462 |     261960 |     110340 |     135735 |      78999 |     155763 |     200904 |     178039 |     233868 |     123908 |     148462 |     108067 |     180844 |      82539 |     166624 |      82822
    num cache misses                 |       1030 |       1148 |        796 |        889 |        780 |        824 |        903 |        981 |        937 |        759 |        882 |        762 |        881 |        778 |        814 |        735
    miss rate                        |      0.50% |      0.44% |      0.72% |      0.65% |      0.99% |      0.53% |      0.45% |      0.55% |      0.40% |      0.61% |      0.59% |      0.71% |      0.49% |      0.94% |      0.49% |      0.89%
    mpki                             |       0.26 |       0.30 |       0.20 |       0.22 |       0.19 |       0.21 |       0.24 |       0.25 |       0.26 |       0.19 |       0.22 |       0.18 |       0.23 |       0.19 |       0.20 |       0.17
  Cache L1-D                         |            |            |            |            |            |            |            |            |            |            |            |            |            |            |            |           
    num cache accesses               |    1456337 |    1499232 |    1442842 |    1429678 |    1478452 |    1428055 |    1481598 |    1459047 |    1463355 |    1483144 |    1448552 |    1481681 |    1494929 |    1492934 |    1447118 |    1542288
    num cache misses                 |      13492 |      14583 |       8956 |      10346 |       7400 |       9886 |      13245 |      12525 |      14099 |       9779 |      10163 |       7592 |      10502 |       7209 |      10440 |       6680
    miss rate                        |      0.93% |      0.97% |      0.62% |      0.72% |      0.50% |      0.69% |      0.89% |      0.86% |      0.96% |      0.66% |      0.70% |      0.51% |      0.70% |      0.48% |      0.72% |      0.43%
    mpki                             |       3.44 |       3.86 |       2.21 |       2.59 |       1.77 |       2.48 |       3.52 |       3.17 |       3.91 |       2.42 |       2.57 |       1.81 |       2.70 |       1.72 |       2.61 |       1.54
  Cache L2                           |            |            |            |            |            |            |            |            |            |            |            |            |            |            |            |           
    num cache accesses               |      14869 |      16047 |      10071 |      11492 |       9125 |      12085 |      15767 |      14927 |      16699 |      11537 |      12092 |       9404 |      12828 |       8993 |      12448 |       8295
    num cache misses                 |       9896 |       9619 |       7549 |       8287 |       6494 |       8034 |       8230 |       9241 |       8267 |       7150 |       8226 |       6194 |       7653 |       6138 |       8185 |       5810
    miss rate                        |     66.55% |     59.94% |     74.96% |     72.11% |     71.17% |     66.48% |     52.20% |     61.91% |     49.51% |     61.97% |     68.03% |     65.87% |     59.66% |     68.25% |     65.75% |     70.04%
    mpki                             |       2.52 |       2.55 |       1.87 |       2.07 |       1.55 |       2.02 |       2.18 |       2.34 |       2.29 |       1.77 |       2.08 |       1.48 |       1.97 |       1.46 |       2.05 |       1.34
  Cache L3                           |            |            |            |            |            |            |            |            |            |            |            |            |            |            |            |           
    num cache accesses               |      10252 |       9947 |       7872 |       8546 |       7442 |       9416 |       9858 |      10673 |       9939 |       8158 |       9280 |       7245 |       9107 |       7146 |       9385 |       6693
    num cache misses                 |       4317 |       1758 |       2288 |       2551 |       4963 |       5092 |       4823 |       5686 |       5087 |       5744 |       5158 |       4028 |       4636 |       4168 |       5560 |       3414
    miss rate                        |     42.11% |     17.67% |     29.07% |     29.85% |     66.69% |     54.08% |     48.92% |     53.27% |     51.18% |     70.41% |     55.58% |     55.60% |     50.91% |     58.33% |     59.24% |     51.01%
    mpki                             |       1.10 |       0.47 |       0.57 |       0.64 |       1.18 |       1.28 |       1.28 |       1.44 |       1.41 |       1.42 |       1.30 |       0.96 |       1.19 |       0.99 |       1.39 |       0.79
DRAM summary                         |            |            |            |            |            |            |            |            |            |            |            |            |            |            |            |           
  num dram accesses                  |       4100 |          0 |          0 |          0 |       4119 |          0 |          0 |          0 |       3867 |          0 |          0 |          0 |       3939 |          0 |          0 |          0
  average dram access latency (ns)   |      67.24 |        inf |        inf |        inf |      64.40 |        inf |        inf |        inf |      64.72 |        inf |        inf |        inf |      65.96 |        inf |        inf |        inf
  average dram queueing delay        |      13.81 |       0.00 |       0.00 |       0.00 |      10.97 |       0.00 |       0.00 |       0.00 |      11.29 |       0.00 |       0.00 |       0.00 |      12.53 |       0.00 |       0.00 |       0.00
  average dram bandwidth utilization |      4.00% |      0.00% |      0.00% |      0.00% |      4.00% |      0.00% |      0.00% |      0.00% |      4.00% |      0.00% |      0.00% |      0.00% |      4.00% |      0.00% |      0.00% |      0.00%
Coherency Traffic                    |            |            |            |            |            |            |            |            |            |            |            |            |            |            |            |           
  num loads from dram                |       1436 |        282 |        526 |        464 |        286 |        415 |        523 |        900 |        942 |       1634 |       1068 |        728 |        649 |        670 |       1238 |        702
  num loads from dram cache          |          0 |          0 |          0 |          0 |          0 |          0 |          0 |          0 |          0 |          0 |          0 |          0 |          0 |          0 |          0 |          0
  num loads from remote cache        |       2251 |        988 |       1410 |       1620 |       2985 |       3267 |       2477 |       3042 |       2183 |       2091 |       2248 |       1723 |       2281 |       1527 |       2606 |       1129
