                                     | Core 0    
  Instructions                       |     332014
  Cycles                             |     201626
  IPC                                |       1.65
  Time (ns)                          |      75799
Branch predictor stats               |           
  num correct                        |      31549
  num incorrect                      |       1833
  misprediction rate                 |      5.49%
  mpki                               |       5.52
TLB Summary                          |           
  I-TLB                              |           
    num accesses                     |      25215
    num misses                       |          4
    miss rate                        |      0.02%
    mpki                             |       0.01
  D-TLB                              |           
    num accesses                     |      79487
    num misses                       |         19
    miss rate                        |      0.02%
    mpki                             |       0.06
  L2 TLB                             |           
    num accesses                     |         23
    num misses                       |          9
    miss rate                        |     39.13%
    mpki                             |       0.03
Cache Summary                        |           
  Cache L1-I                         |           
    num cache accesses               |      25215
    num cache misses                 |        112
    miss rate                        |      0.44%
    mpki                             |       0.34
  Cache L1-D                         |           
    num cache accesses               |      79517
    num cache misses                 |       1396
    miss rate                        |      1.76%
    mpki                             |       4.20
  Cache L2                           |           
    num cache accesses               |       1508
    num cache misses                 |        382
    miss rate                        |     25.33%
    mpki                             |       1.15
  Cache L3                           |           
    num cache accesses               |        382
    num cache misses                 |        378
    miss rate                        |     98.95%
    mpki                             |       1.14
DRAM summary                         |           
  num dram accesses                  |        378
  average dram access latency (ns)   |     451.22
  average dram queueing delay        |     397.79
  average dram bandwidth utilization |      4.00%
Coherency Traffic                    |           
  num loads from dram                |         15
  num loads from dram cache          |          0
  num loads from remote cache        |          0
